<?xml version="1.0" encoding="UTF-8"?>
<testsuite name="com.monotonic.collections._3_lists.after.ShipmentTest" tests="4" skipped="0" failures="0" errors="0" timestamp="2021-08-13T22:25:53" hostname="SOFT004362" time="0.04">
  <properties/>
  <testcase name="shouldNotReplaceMissingItems" classname="com.monotonic.collections._3_lists.after.ShipmentTest" time="0.028"/>
  <testcase name="shouldReplaceItems" classname="com.monotonic.collections._3_lists.after.ShipmentTest" time="0.001"/>
  <testcase name="shouldIdentifyVanRequirements" classname="com.monotonic.collections._3_lists.after.ShipmentTest" time="0.002"/>
  <testcase name="shouldAddItems" classname="com.monotonic.collections._3_lists.after.ShipmentTest" time="0.001"/>
  <system-out><![CDATA[]]></system-out>
  <system-err><![CDATA[]]></system-err>
</testsuite>
