<?xml version="1.0" encoding="UTF-8"?>
<testsuite name="com.monotonic.collections._7_sets.before.ProductCatalogueTest" tests="1" skipped="1" failures="0" errors="0" timestamp="2021-08-13T22:25:53" hostname="SOFT004362" time="0.004">
  <properties/>
  <testcase name="shouldNotRecordDuplicateProducts" classname="com.monotonic.collections._7_sets.before.ProductCatalogueTest" time="0.004">
    <skipped/>
  </testcase>
  <system-out><![CDATA[]]></system-out>
  <system-err><![CDATA[]]></system-err>
</testsuite>
